<?xml version="1.0" encoding="UTF-8"?>
<testsuite xmlns:xsi="http://www.w3.org/2001/XMLSchema-instance" xsi:noNamespaceSchemaLocation="https://maven.apache.org/surefire/maven-surefire-plugin/xsd/surefire-test-report-3.0.xsd" version="3.0" name="com.sakilla.api.SakilaApp.SakilaAppApplicationTests" time="8.373" tests="1" errors="0" skipped="0" failures="0">
  <properties>
[...]
</properties>
  <testcase name="contextLoads" classname="com.sakilla.api.SakilaApp.SakilaAppApplicationTests" time="0.308">
    <system-out><![CDATA[14:25:25.161 [main] DEBUG org.springframework.test.context.BootstrapUtils - Instantiating CacheAwareContextLoaderDelegate from class [org.springframework.test.context.cache.DefaultCacheAwareContextLoaderDelegate]
14:25:25.185 [main] DEBUG org.springframework.test.context.BootstrapUtils - Instantiating BootstrapContext using constructor [public org.springframework.test.context.support.DefaultBootstrapContext(java.lang.Class,org.springframework.test.context.CacheAwareContextLoaderDelegate)]
14:25:25.281 [main] DEBUG org.springframework.test.context.BootstrapUtils - Instantiating TestContextBootstrapper for test class [com.sakilla.api.SakilaApp.SakilaAppApplicationTests] from class [org.springframework.boot.test.context.SpringBootTestContextBootstrapper]
14:25:25.308 [main] INFO org.springframework.boot.test.context.SpringBootTestContextBootstrapper - Neither @ContextConfiguration nor @ContextHierarchy found for test class [com.sakilla.api.SakilaApp.SakilaAppApplicationTests], using SpringBootContextLoader
14:25:25.340 [main] DEBUG org.springframework.test.context.support.AbstractContextLoader - Did not detect default resource location for test class [com.sakilla.api.SakilaApp.SakilaAppApplicationTests]: class path resource [com/sakilla/api/SakilaApp/SakilaAppApplicationTests-context.xml] does not exist
14:25:25.341 [main] DEBUG org.springframework.test.context.support.AbstractContextLoader - Did not detect default resource location for test class [com.sakilla.api.SakilaApp.SakilaAppApplicationTests]: class path resource [com/sakilla/api/SakilaApp/SakilaAppApplicationTestsContext.groovy] does not exist
14:25:25.341 [main] INFO org.springframework.test.context.support.AbstractContextLoader - Could not detect default resource locations for test class [com.sakilla.api.SakilaApp.SakilaAppApplicationTests]: no resource found for suffixes {-context.xml, Context.groovy}.
14:25:25.342 [main] INFO org.springframework.test.context.support.AnnotationConfigContextLoaderUtils - Could not detect default configuration classes for test class [com.sakilla.api.SakilaApp.SakilaAppApplicationTests]: SakilaAppApplicationTests does not declare any static, non-private, non-final, nested classes annotated with @Configuration.
14:25:25.453 [main] DEBUG org.springframework.test.context.support.ActiveProfilesUtils - Could not find an 'annotation declaring class' for annotation type [org.springframework.test.context.ActiveProfiles] and class [com.sakilla.api.SakilaApp.SakilaAppApplicationTests]
14:25:25.637 [main] DEBUG org.springframework.context.annotation.ClassPathScanningCandidateComponentProvider - Identified candidate component class: file [C:\Users\Edward\IdeaProjects\SakilaApp\target\classes\com\sakilla\api\SakilaApp\SakilaAppApplication.class]
14:25:25.639 [main] INFO org.springframework.boot.test.context.SpringBootTestContextBootstrapper - Found @SpringBootConfiguration com.sakilla.api.SakilaApp.SakilaAppApplication for test class com.sakilla.api.SakilaApp.SakilaAppApplicationTests
14:25:25.884 [main] DEBUG org.springframework.boot.test.context.SpringBootTestContextBootstrapper - @TestExecutionListeners is not present for class [com.sakilla.api.SakilaApp.SakilaAppApplicationTests]: using defaults.
14:25:25.885 [main] INFO org.springframework.boot.test.context.SpringBootTestContextBootstrapper - Loaded default TestExecutionListener class names from location [META-INF/spring.factories]: [org.springframework.boot.test.mock.mockito.MockitoTestExecutionListener, org.springframework.boot.test.mock.mockito.ResetMocksTestExecutionListener, org.springframework.boot.test.autoconfigure.restdocs.RestDocsTestExecutionListener, org.springframework.boot.test.autoconfigure.web.client.MockRestServiceServerResetTestExecutionListener, org.springframework.boot.test.autoconfigure.web.servlet.MockMvcPrintOnlyOnFailureTestExecutionListener, org.springframework.boot.test.autoconfigure.web.servlet.WebDriverTestExecutionListener, org.springframework.boot.test.autoconfigure.webservices.client.MockWebServiceServerTestExecutionListener, org.springframework.test.context.web.ServletTestExecutionListener, org.springframework.test.context.support.DirtiesContextBeforeModesTestExecutionListener, org.springframework.test.context.event.ApplicationEventsTestExecutionListener, org.springframework.test.context.support.DependencyInjectionTestExecutionListener, org.springframework.test.context.support.DirtiesContextTestExecutionListener, org.springframework.test.context.transaction.TransactionalTestExecutionListener, org.springframework.test.context.jdbc.SqlScriptsTestExecutionListener, org.springframework.test.context.event.EventPublishingTestExecutionListener]
14:25:25.937 [main] INFO org.springframework.boot.test.context.SpringBootTestContextBootstrapper - Using TestExecutionListeners: [org.springframework.test.context.web.ServletTestExecutionListener@1290c49, org.springframework.test.context.support.DirtiesContextBeforeModesTestExecutionListener@6a9b9909, org.springframework.test.context.event.ApplicationEventsTestExecutionListener@55d9b8f0, org.springframework.boot.test.mock.mockito.MockitoTestExecutionListener@a518813, org.springframework.boot.test.autoconfigure.SpringBootDependencyInjectionTestExecutionListener@43d38654, org.springframework.test.context.support.DirtiesContextTestExecutionListener@75361cf6, org.springframework.test.context.transaction.TransactionalTestExecutionListener@6d303498, org.springframework.test.context.jdbc.SqlScriptsTestExecutionListener@6ba7383d, org.springframework.test.context.event.EventPublishingTestExecutionListener@3419e23b, org.springframework.boot.test.mock.mockito.ResetMocksTestExecutionListener@710d89e2, org.springframework.boot.test.autoconfigure.restdocs.RestDocsTestExecutionListener@1d75e7af, org.springframework.boot.test.autoconfigure.web.client.MockRestServiceServerResetTestExecutionListener@4fc142ec, org.springframework.boot.test.autoconfigure.web.servlet.MockMvcPrintOnlyOnFailureTestExecutionListener@34b27915, org.springframework.boot.test.autoconfigure.web.servlet.WebDriverTestExecutionListener@29eda4f8, org.springframework.boot.test.autoconfigure.webservices.client.MockWebServiceServerTestExecutionListener@1b9776f5]
14:25:25.946 [main] DEBUG org.springframework.test.context.support.AbstractDirtiesContextTestExecutionListener - Before test class: context [DefaultTestContext@19962194 testClass = SakilaAppApplicationTests, testInstance = [null], testMethod = [null], testException = [null], mergedContextConfiguration = [WebMergedContextConfiguration@481e91b6 testClass = SakilaAppApplicationTests, locations = '{}', classes = '{class com.sakilla.api.SakilaApp.SakilaAppApplication}', contextInitializerClasses = '[]', activeProfiles = '{}', propertySourceLocations = '{}', propertySourceProperties = '{org.springframework.boot.test.context.SpringBootTestContextBootstrapper=true}', contextCustomizers = set[org.springframework.boot.test.context.filter.ExcludeFilterContextCustomizer@7dd712e8, org.springframework.boot.test.json.DuplicateJsonObjectContextCustomizerFactory$DuplicateJsonObjectContextCustomizer@6a1ebcff, org.springframework.boot.test.mock.mockito.MockitoContextCustomizer@0, org.springframework.boot.test.web.client.TestRestTemplateContextCustomizer@420bc288, org.springframework.boot.test.autoconfigure.actuate.metrics.MetricsExportContextCustomizerFactory$DisableMetricExportContextCustomizer@85ec632, org.springframework.boot.test.autoconfigure.properties.PropertyMappingContextCustomizer@0, org.springframework.boot.test.autoconfigure.web.servlet.WebDriverContextCustomizerFactory$Customizer@6c44052e, org.springframework.boot.test.context.SpringBootTestArgs@1, org.springframework.boot.test.context.SpringBootTestWebEnvironment@7526515b], resourceBasePath = 'src/main/webapp', contextLoader = 'org.springframework.boot.test.context.SpringBootContextLoader', parent = [null]], attributes = map['org.springframework.test.context.web.ServletTestExecutionListener.activateListener' -> true]], class annotated with @DirtiesContext [false] with mode [null].

  .   ____          _            __ _ _
 /\\ / ___'_ __ _ _(_)_ __  __ _ \ \ \ \
( ( )\___ | '_ | '_| | '_ \/ _` | \ \ \ \
 \\/  ___)| |_)| | | | | || (_| |  ) ) ) )
  '  |____| .__|_| |_|_| |_\__, | / / / /
 =========|_|==============|___/=/_/_/_/
 :: Spring Boot ::                (v2.7.3)

2022-09-01 14:25:26.652  INFO 13788 --- [           main] c.s.a.S.SakilaAppApplicationTests        : Starting SakilaAppApplicationTests using Java 18.0.2 on EdLad with PID 13788 (started by Edward in C:\Users\Edward\IdeaProjects\SakilaApp)
2022-09-01 14:25:26.655  INFO 13788 --- [           main] c.s.a.S.SakilaAppApplicationTests        : No active profile set, falling back to 1 default profile: "default"
2022-09-01 14:25:27.838  INFO 13788 --- [           main] .s.d.r.c.RepositoryConfigurationDelegate : Bootstrapping Spring Data JPA repositories in DEFAULT mode.
2022-09-01 14:25:27.906  INFO 13788 --- [           main] .s.d.r.c.RepositoryConfigurationDelegate : Finished Spring Data repository scanning in 54 ms. Found 1 JPA repository interfaces.
2022-09-01 14:25:28.859  INFO 13788 --- [           main] o.hibernate.jpa.internal.util.LogHelper  : HHH000204: Processing PersistenceUnitInfo [name: default]
2022-09-01 14:25:28.985  INFO 13788 --- [           main] org.hibernate.Version                    : HHH000412: Hibernate ORM core version 5.6.10.Final
2022-09-01 14:25:29.339  INFO 13788 --- [           main] o.hibernate.annotations.common.Version   : HCANN000001: Hibernate Commons Annotations {5.1.2.Final}
2022-09-01 14:25:29.631  INFO 13788 --- [           main] com.zaxxer.hikari.HikariDataSource       : HikariPool-1 - Starting...
2022-09-01 14:25:29.917  INFO 13788 --- [           main] com.zaxxer.hikari.HikariDataSource       : HikariPool-1 - Start completed.
2022-09-01 14:25:29.980  INFO 13788 --- [           main] org.hibernate.dialect.Dialect            : HHH000400: Using dialect: org.hibernate.dialect.MySQL8Dialect
2022-09-01 14:25:31.328  INFO 13788 --- [           main] o.h.e.t.j.p.i.JtaPlatformInitiator       : HHH000490: Using JtaPlatform implementation: [org.hibernate.engine.transaction.jta.platform.internal.NoJtaPlatform]
2022-09-01 14:25:31.346  INFO 13788 --- [           main] j.LocalContainerEntityManagerFactoryBean : Initialized JPA EntityManagerFactory for persistence unit 'default'
2022-09-01 14:25:32.197  WARN 13788 --- [           main] JpaBaseConfiguration$JpaWebConfiguration : spring.jpa.open-in-view is enabled by default. Therefore, database queries may be performed during view rendering. Explicitly configure spring.jpa.open-in-view to disable this warning
2022-09-01 14:25:33.050  INFO 13788 --- [           main] c.s.a.S.SakilaAppApplicationTests        : Started SakilaAppApplicationTests in 7.015 seconds (JVM running for 9.41)
]]></system-out>
  </testcase>
</testsuite>